0 0 0 1 0 2 0 3 0 4 1 4 1 1 1 2 1 3 
0 5 1 5 1 6 1 7 1 8 1 9 2 5 2 6 2 7 
2 8 2 9 2 10 2 11 2 12 2 13 3 9 3 10 3 11 
3 12 3 13 3 14 3 15 3 16 3 17 4 13 4 14 4 15 
4 16 4 17 4 18 4 19 4 20 4 21 5 17 5 18 5 19 
5 20 5 21 5 22 5 23 5 24 5 25 6 21 6 22 6 23 
6 24 6 25 6 26 6 27 6 28 6 29 7 25 7 26 7 27 
7 28 7 29 7 30 7 31 7 32 7 33 8 29 8 30 8 31 
8 32 8 33 8 34 8 35 9 31 9 32 9 33 9 34 9 35 
10 0 10 1 10 2 10 3 10 4 10 5 11 1 11 2 11 3 
11 4 11 5 11 6 11 7 11 8 11 9 12 5 12 6 12 7 
12 8 12 9 12 10 12 11 12 12 12 13 13 9 13 10 13 11 
13 12 13 13 13 14 13 15 13 16 13 17 14 13 14 14 14 15 
14 16 14 17 14 18 14 19 14 20 14 21 15 17 15 18 15 19 
15 20 15 21 15 22 15 23 15 24 15 25 16 21 16 22 16 23 
16 24 16 25 16 26 16 27 16 28 16 29 17 25 17 26 17 27 
17 28 17 29 17 30 17 31 17 32 17 33 18 29 18 30 18 31 
18 32 18 33 18 34 18 35 19 31 19 32 19 33 19 34 19 35 
20 0 20 1 20 2 20 3 20 4 20 5 21 1 21 2 21 3 
21 4 21 5 21 6 21 7 21 8 21 9 22 5 22 6 22 7 
22 8 22 9 22 10 22 11 22 12 22 13 23 9 23 10 23 11 
23 12 23 13 23 14 23 15 23 16 23 17 24 13 24 14 24 15 
24 16 24 17 24 18 24 19 24 20 24 21 25 17 25 18 25 19 
25 20 25 21 25 22 25 23 25 24 25 25 26 21 26 22 26 23 
26 24 26 25 26 26 26 27 26 28 26 29 27 25 27 26 27 27 
27 28 27 29 27 30 27 31 27 32 27 33 28 29 28 30 28 31 
28 32 28 33 28 34 28 35 29 31 29 32 29 33 29 34 29 35 
30 0 30 1 30 2 30 3 30 4 30 5 31 1 31 2 31 3 
31 4 31 5 31 6 31 7 31 8 31 9 32 5 32 6 32 7 
32 8 32 9 32 10 32 11 32 12 32 13 33 9 33 10 33 11 
33 12 33 13 33 14 33 15 33 16 33 17 34 13 34 14 34 15 
34 16 34 17 34 18 34 19 34 20 34 21 35 17 35 18 35 19 
35 20 35 21 35 22 35 23 35 24 35 25 36 21 36 22 36 23 
36 24 36 25 36 26 36 27 36 28 36 29 37 25 37 26 37 27 
37 28 37 29 37 30 37 31 37 32 37 33 38 29 38 30 38 31 
38 32 38 33 38 34 38 35 39 31 39 32 39 33 39 34 39 35 
40 0 40 1 40 2 40 3 40 4 40 5 41 1 41 2 41 3 
41 4 41 5 41 6 41 7 41 8 41 9 42 5 42 6 42 7 
42 8 42 9 42 10 42 11 42 12 42 13 43 9 43 10 43 11 
43 12 43 13 43 14 43 15 43 16 43 17 44 13 44 14 44 15 
44 16 44 17 44 18 44 19 44 20 44 21 45 17 45 18 45 19 
45 20 45 21 45 22 45 23 45 24 45 25 46 21 46 22 46 23 
46 24 46 25 46 26 46 27 46 28 46 29 47 25 47 26 47 27 
47 28 47 29 47 30 47 31 47 32 47 33 48 29 48 30 48 31 
48 32 48 33 48 34 48 35 49 31 49 32 49 33 49 34 49 35 

0 0 0 1 0 2 0 3 0 4 0 5 1 1 1 2 1 3 
1 4 1 5 1 6 1 7 1 8 1 9 2 5 2 6 2 7 
2 8 2 9 2 10 2 11 2 12 3 12 3 9 3 10 3 11 
2 13 3 13 3 14 3 15 3 16 3 17 4 13 4 14 4 15 
4 16 4 17 4 18 4 19 4 20 4 21 5 17 5 18 5 19 
5 20 5 21 5 22 5 23 5 24 6 24 6 21 6 22 6 23 
5 25 6 25 6 26 6 27 6 28 7 28 7 25 7 26 7 27 
6 29 7 29 7 30 7 31 9 31 7 32 8 29 8 30 8 31 
8 32 8 33 8 34 8 35 7 33 9 32 9 33 9 34 9 35 
10 0 10 1 10 2 10 3 10 4 10 5 11 1 11 2 11 3 
11 4 11 5 11 6 11 7 11 8 12 8 12 5 12 6 12 7 
11 9 12 9 12 10 12 11 12 12 13 12 13 9 13 10 13 11 
12 13 13 13 13 14 13 15 13 16 13 17 14 13 14 14 14 15 
14 16 14 17 14 18 14 19 14 20 14 21 15 17 15 18 15 19 
15 20 15 21 15 22 15 23 15 24 15 25 16 21 16 22 16 23 
16 24 16 25 16 26 16 27 16 28 16 29 17 25 17 26 17 27 
17 28 17 29 17 30 17 31 17 32 17 33 18 29 18 30 18 31 
18 32 18 33 18 34 18 35 19 31 19 32 19 33 19 34 19 35 
20 0 20 1 20 2 20 3 20 4 20 5 21 1 21 2 21 3 
21 4 21 5 21 6 21 7 21 8 21 9 22 5 22 6 22 7 
22 8 22 9 22 10 22 11 22 12 22 13 23 9 23 10 23 11 
23 12 23 13 23 14 23 15 23 16 23 17 24 13 24 14 24 15 
24 16 24 17 24 18 24 19 24 20 24 21 25 17 25 18 25 19 
25 20 25 21 25 22 25 23 25 24 25 25 26 21 26 22 26 23 
26 24 26 25 26 26 26 27 26 28 26 29 27 25 27 26 27 27 
27 28 27 29 27 30 27 31 27 32 27 33 28 29 28 30 28 31 
28 32 28 33 28 34 28 35 29 31 29 32 29 33 29 34 29 35 
30 0 30 1 30 2 30 3 30 4 30 5 31 1 31 2 31 3 
31 4 31 5 31 6 31 7 31 8 31 9 32 5 32 6 32 7 
32 8 32 9 32 10 32 11 32 12 32 13 33 9 33 10 33 11 
33 12 33 13 33 14 33 15 33 16 33 17 34 13 34 14 34 15 
34 16 34 17 34 18 34 19 34 20 34 21 35 17 35 18 35 19 
35 20 35 21 35 22 35 23 35 24 35 25 36 21 36 22 36 23 
36 24 36 25 36 26 36 27 36 28 36 29 37 25 37 26 37 27 
37 28 37 29 37 30 37 31 37 32 37 33 38 29 38 30 38 31 
38 32 38 33 38 34 38 35 39 31 39 32 39 33 39 34 39 35 
40 0 40 1 40 2 40 3 40 4 40 5 41 1 41 2 41 3 
41 4 41 5 41 6 41 7 41 8 41 9 42 5 42 6 42 7 
42 8 42 9 42 10 42 11 42 12 42 13 43 9 43 10 43 11 
43 12 43 13 43 14 43 15 43 16 43 17 44 13 44 14 44 15 
44 16 44 17 44 18 44 19 44 20 44 21 45 17 45 18 45 19 
45 20 45 21 45 22 45 23 45 24 45 25 46 21 46 22 46 23 
46 24 46 25 46 26 46 27 46 28 46 29 47 25 47 26 47 27 
47 28 47 29 47 30 47 31 47 32 47 33 48 29 48 30 48 31 
48 32 48 33 48 34 48 35 49 31 49 32 49 33 49 34 49 35 

0 0 0 1 0 2 0 3 0 4 0 5 1 1 1 2 1 3 
1 4 1 5 1 6 1 7 1 8 1 9 2 5 2 6 2 7 
2 8 2 9 2 10 2 11 2 12 3 12 3 9 3 10 3 11 
2 13 3 13 3 14 3 15 3 16 3 17 4 13 4 14 4 15 
4 16 4 17 4 18 4 19 4 20 4 21 5 17 5 18 5 19 
5 20 5 21 5 22 5 23 5 24 6 24 6 21 6 22 6 23 
5 25 6 25 6 26 6 27 6 28 7 28 7 25 7 26 7 27 
6 29 7 29 7 30 7 31 9 31 7 32 8 29 8 30 8 31 
8 32 8 33 8 34 8 35 7 33 9 32 9 33 9 34 9 35 
10 0 10 1 10 2 10 3 10 4 10 5 11 1 11 2 11 3 
11 4 11 5 11 6 11 7 11 8 12 8 12 5 12 6 12 7 
11 9 12 9 12 10 12 11 12 12 13 12 13 9 13 10 13 11 
12 13 13 13 13 14 13 15 13 16 13 17 14 13 14 14 14 15 
14 16 14 17 14 18 14 19 14 20 14 21 15 17 15 18 15 19 
15 20 15 21 15 22 15 23 15 24 15 25 16 21 16 22 16 23 
16 24 16 25 16 26 16 27 16 28 16 29 17 25 17 26 17 27 
17 28 17 29 17 30 17 31 17 32 17 33 18 29 18 30 18 31 
18 32 18 33 18 34 18 35 19 31 19 32 19 33 19 34 19 35 
20 0 20 1 20 2 20 3 20 4 21 4 21 1 21 2 21 3 
20 5 21 5 21 6 21 7 21 8 21 9 22 5 22 6 22 7 
22 8 22 9 22 10 22 11 22 12 22 13 23 9 23 10 23 11 
23 12 23 13 23 14 23 15 23 16 23 17 24 13 24 14 24 15 
24 16 24 17 24 18 24 19 24 20 24 21 25 17 25 18 25 19 
25 20 25 21 25 22 25 23 25 24 25 25 26 21 26 22 26 23 
26 24 26 25 26 26 26 27 26 28 26 29 27 25 27 26 27 27 
27 28 27 29 27 30 27 31 27 32 27 33 28 29 28 30 28 31 
28 32 28 33 28 34 28 35 29 31 29 32 29 33 29 34 29 35 
30 0 30 1 30 2 30 3 30 4 30 5 31 1 31 2 31 3 
31 4 31 5 31 6 31 7 31 8 31 9 32 5 32 6 32 7 
32 8 32 9 32 10 32 11 32 12 32 13 33 9 33 10 33 11 
33 12 33 13 33 14 33 15 33 16 34 16 34 13 34 14 34 15 
33 17 34 17 34 18 34 19 34 20 35 20 35 17 35 18 35 19 
34 21 35 21 35 22 35 23 35 24 35 25 36 21 36 22 36 23 
36 24 36 25 36 26 36 27 36 28 36 29 37 25 37 26 37 27 
37 28 37 29 37 30 37 31 37 32 37 33 38 29 38 30 38 31 
38 32 38 33 38 34 38 35 39 31 39 32 39 33 39 34 39 35 
40 0 40 1 40 2 40 3 40 4 40 5 41 1 41 2 41 3 
41 4 41 5 41 6 41 7 41 8 41 9 42 5 42 6 42 7 
42 8 42 9 42 10 42 11 42 12 42 13 43 9 43 10 43 11 
43 12 43 13 43 14 43 15 43 16 43 17 44 13 44 14 44 15 
44 16 44 17 44 18 44 19 44 20 44 21 45 17 45 18 45 19 
45 20 45 21 45 22 45 23 45 24 45 25 46 21 46 22 46 23 
46 24 46 25 46 26 46 27 46 28 46 29 47 25 47 26 47 27 
47 28 47 29 47 30 47 31 47 32 47 33 48 29 48 30 48 31 
48 32 48 33 48 34 48 35 49 31 49 32 49 33 49 34 49 35 

0 0 0 1 0 2 0 3 0 4 0 5 1 1 1 2 1 3 
1 4 1 5 1 6 1 7 1 8 1 9 2 5 2 6 2 7 
2 8 2 9 2 10 2 11 2 12 3 12 3 9 3 10 3 11 
2 13 3 13 3 14 3 15 3 16 3 17 4 13 4 14 4 15 
4 16 4 17 4 18 4 19 4 20 4 21 5 17 5 18 5 19 
5 20 5 21 5 22 5 23 5 24 6 24 6 21 6 22 6 23 
5 25 6 25 6 26 6 27 6 28 7 28 7 25 7 26 7 27 
6 29 7 29 7 30 7 31 9 31 7 32 8 29 8 30 8 31 
8 32 8 33 8 34 8 35 7 33 9 32 9 33 9 34 9 35 
10 0 10 1 10 2 10 3 10 4 10 5 11 1 11 2 11 3 
11 4 11 5 11 6 11 7 11 8 12 8 12 5 12 6 12 7 
11 9 12 9 12 10 12 11 12 12 13 12 13 9 13 10 13 11 
12 13 13 13 13 14 13 15 13 16 13 17 14 13 14 14 14 15 
14 16 14 17 14 18 14 19 14 20 14 21 15 17 15 18 15 19 
15 20 15 21 15 22 15 23 15 24 15 25 16 21 16 22 16 23 
16 24 16 25 16 26 16 27 16 28 16 29 17 25 17 26 17 27 
17 28 17 29 17 30 17 31 17 32 17 33 18 29 18 30 18 31 
18 32 18 33 18 34 18 35 19 31 19 32 19 33 19 34 19 35 
20 0 20 1 20 2 20 3 20 4 21 4 21 1 21 2 21 3 
20 5 21 5 21 6 21 7 21 8 21 9 22 5 22 6 22 7 
22 8 22 9 22 10 22 11 22 12 22 13 23 9 23 10 23 11 
23 12 23 13 23 14 23 15 23 16 23 17 24 13 24 14 24 15 
24 16 24 17 24 18 24 19 24 20 24 21 25 17 25 18 25 19 
25 20 25 21 25 22 25 23 25 24 25 25 26 21 26 22 26 23 
26 24 26 25 26 26 26 27 26 28 26 29 27 25 27 26 27 27 
27 28 27 29 27 30 27 31 27 32 27 33 28 29 28 30 28 31 
28 32 28 33 28 34 28 35 29 31 29 32 29 33 29 34 29 35 
30 0 30 1 30 2 30 3 30 4 30 5 31 1 31 2 31 3 
31 4 31 5 31 6 31 7 31 8 31 9 32 5 32 6 32 7 
32 8 32 9 32 10 32 11 32 12 32 13 33 9 33 10 33 11 
33 12 33 13 33 14 33 15 33 16 34 16 34 13 34 14 34 15 
33 17 34 17 34 18 34 19 34 20 35 20 35 17 35 18 35 19 
34 21 35 21 35 22 35 23 35 24 35 25 36 21 36 22 36 23 
36 24 36 25 36 26 36 27 36 28 36 29 37 25 37 26 37 27 
37 28 37 29 37 30 37 31 39 31 37 32 38 29 38 30 38 32 
37 33 38 33 38 34 38 35 38 31 39 32 39 33 39 34 39 35 
40 0 40 1 40 2 40 3 40 4 41 4 41 1 41 2 41 3 
40 5 41 5 41 6 41 7 41 8 41 9 42 5 42 6 42 7 
42 8 42 9 42 10 42 11 42 12 42 13 43 9 43 10 43 11 
43 12 43 13 43 14 43 15 43 16 43 17 44 13 44 14 44 15 
44 16 44 17 44 18 44 19 44 20 44 21 45 17 45 18 45 19 
45 20 45 21 45 22 45 23 45 24 45 25 46 21 46 22 46 23 
46 24 46 25 46 26 46 27 46 28 46 29 47 25 47 26 47 27 
47 28 47 29 47 30 47 31 47 32 47 33 48 29 48 30 48 31 
48 32 48 33 48 34 48 35 49 31 49 32 49 33 49 34 49 35 

